[ 2016-06-20T19:36:59+08:00 ] ::1 /project/index.php/__PUBLIC/css/bootstrap.min.css
INFO: [ app_init ] --START--
INFO: Run Behavior\BuildLiteBehavior [ RunTime:0.000054s ]
INFO: [ app_init ] --END-- [ RunTime:0.000912s ]
ERR: 无法加载模块:__PUBLIC

[ 2016-06-20T19:36:59+08:00 ] ::1 /project/index.php/__PUBLIC/css/home/main.css
INFO: [ app_init ] --START--
INFO: Run Behavior\BuildLiteBehavior [ RunTime:0.000049s ]
INFO: [ app_init ] --END-- [ RunTime:0.000903s ]
ERR: 无法加载模块:__PUBLIC

[ 2016-06-20T19:36:59+08:00 ] ::1 /project/index.php/__PUBLIC/images/logo.png
INFO: [ app_init ] --START--
INFO: Run Behavior\BuildLiteBehavior [ RunTime:0.000028s ]
INFO: [ app_init ] --END-- [ RunTime:0.000489s ]
ERR: 无法加载模块:__PUBLIC

[ 2016-06-20T19:47:34+08:00 ] ::1 /project/index.php/index.php?m=Home&c=Cat&id=
INFO: [ app_init ] --START--
INFO: Run Behavior\BuildLiteBehavior [ RunTime:0.000027s ]
INFO: [ app_init ] --END-- [ RunTime:0.000456s ]
ERR: 无法加载模块:Index

[ 2016-06-20T19:47:53+08:00 ] ::1 /project/index.php/index.php?m=Home&c=Cat&id=
INFO: [ app_init ] --START--
INFO: Run Behavior\BuildLiteBehavior [ RunTime:0.000033s ]
INFO: [ app_init ] --END-- [ RunTime:0.000794s ]
ERR: 无法加载模块:Index

[ 2016-06-20T19:47:54+08:00 ] ::1 /project/index.php/index.php?m=Home&c=Cat&id=
INFO: [ app_init ] --START--
INFO: Run Behavior\BuildLiteBehavior [ RunTime:0.000032s ]
INFO: [ app_init ] --END-- [ RunTime:0.000546s ]
ERR: 无法加载模块:Index

[ 2016-06-20T19:47:56+08:00 ] ::1 /project/index.php/index.php?m=Home&c=Cat&id=
INFO: [ app_init ] --START--
INFO: Run Behavior\BuildLiteBehavior [ RunTime:0.000030s ]
INFO: [ app_init ] --END-- [ RunTime:0.000608s ]
ERR: 无法加载模块:Index

[ 2016-06-20T19:48:01+08:00 ] ::1 /project/index.php/index.php?m=Home&c=Cat&id=
INFO: [ app_init ] --START--
INFO: Run Behavior\BuildLiteBehavior [ RunTime:0.000050s ]
INFO: [ app_init ] --END-- [ RunTime:0.001083s ]
ERR: 无法加载模块:Index

[ 2016-06-20T19:48:11+08:00 ] ::1 /project/index.php/index.php?m=Home&c=Cat&id=
INFO: [ app_init ] --START--
INFO: Run Behavior\BuildLiteBehavior [ RunTime:0.000042s ]
INFO: [ app_init ] --END-- [ RunTime:0.000543s ]
ERR: 无法加载模块:Index

[ 2016-06-20T19:48:12+08:00 ] ::1 /project/index.php/index.php?m=Home&c=Cat&id=
INFO: [ app_init ] --START--
INFO: Run Behavior\BuildLiteBehavior [ RunTime:0.000030s ]
INFO: [ app_init ] --END-- [ RunTime:0.000570s ]
ERR: 无法加载模块:Index

[ 2016-06-20T19:48:14+08:00 ] ::1 /project/index.php/index.php?m=Home&c=Cat&id=
INFO: [ app_init ] --START--
INFO: Run Behavior\BuildLiteBehavior [ RunTime:0.000033s ]
INFO: [ app_init ] --END-- [ RunTime:0.000733s ]
ERR: 无法加载模块:Index

[ 2016-06-20T19:49:23+08:00 ] ::1 /project/index.php/index.php?m=Home&c=Cat&id=5
INFO: [ app_init ] --START--
INFO: Run Behavior\BuildLiteBehavior [ RunTime:0.000029s ]
INFO: [ app_init ] --END-- [ RunTime:0.000494s ]
ERR: 无法加载模块:Index

[ 2016-06-20T20:06:53+08:00 ] ::1 /project/index.php/index.php?m=Home&c=Cat&id=5
INFO: [ app_init ] --START--
INFO: Run Behavior\BuildLiteBehavior [ RunTime:0.000028s ]
INFO: [ app_init ] --END-- [ RunTime:0.000656s ]
ERR: 无法加载模块:Index

